Wczytuje liste przetworzonych wyciagow... 12 wczytano
Sprawdzam liste plikow w folderze... 18 plikow
Sprawdzam, ktore pliki nie zostaly przetworzone... 6 plikow

Przetwarzanie pliku 70000120201507170019.7z, katalog /tmp/rpt-bceabf1f34848523... Katalog stworzony... Plik rozpakowany...
   ID: 6 Data: 20150717 Kwota: 49.00 Opis: 29\LMS\2015Wpata w UP nr:005463150715AI#00234 53 [70000120201507170019.rpt]

Razem zaksiegowano 49.00zl z pliku 70000120201507170019.rpt.  Usunieto katalog tymczasowy /tmp/rpt-bceabf1f34848523...

Przetwarzanie pliku 70000120201508070023.7z, katalog /tmp/rpt-30f183fcef1a4f82... Katalog stworzony... Plik rozpakowany...
   ID: 16 Data: 20150807 Kwota: 116.39 Opis: OPATA ZA INTERNET PIOTR WGIEREK40-161 KATOWICE  AL. KORFANTEGO57/10 FAKTURA /LMS/201 62 [70000120201508070023.rpt]

Razem zaksiegowano 116.39zl z pliku 70000120201508070023.rpt.  Usunieto katalog tymczasowy /tmp/rpt-30f183fcef1a4f82...

Przetwarzanie pliku 70000120201507140017.7z, katalog /tmp/rpt-fe5e60e36e07e78f... Katalog stworzony... Plik rozpakowany...
   ID: 9 Data: 20150714 Kwota: 54.00 Opis: FAKTURA NR 32/LMS/2015 49 [70000120201507140017.rpt]

Razem zaksiegowano 54.00zl z pliku 70000120201507140017.rpt.  Usunieto katalog tymczasowy /tmp/rpt-fe5e60e36e07e78f...

Przetwarzanie pliku 70000120201507130016.7z, katalog /tmp/rpt-7f071d3c89f21cb... Katalog stworzony... Plik rozpakowany...
   ID: 2 Data: 20150713 Kwota: 69.90 Opis: ZAPATA ZA FAKTUR NR 25/LMS/2015 45 [70000120201507130016.rpt]
   ID: 4 Data: 20150713 Kwota: 69.00 Opis: Nowak KamilProsta 51  41-253 CzeladFA: 27/LMS/2015 46 [70000120201507130016.rpt]
   ID: 11 Data: 20150713 Kwota: 59.00 Opis: opata za internetKrasickiego 12ID klienta 0011PIN:306353 47 [70000120201507130016.rpt]

Razem zaksiegowano 197.90zl z pliku 70000120201507130016.rpt.  Usunieto katalog tymczasowy /tmp/rpt-7f071d3c89f21cb...

Przetwarzanie pliku 70000120201508140025.7z, katalog /tmp/rpt-58df5b50a2d63d6a... Katalog stworzony... Plik rozpakowany...
   ID: 13 Data: 20150814 Kwota: 49.00 Opis: Faktura nr.36/LMS/2015 66 [70000120201508140025.rpt]

Razem zaksiegowano 49.00zl z pliku 70000120201508140025.rpt.  Usunieto katalog tymczasowy /tmp/rpt-58df5b50a2d63d6a...

Przetwarzanie pliku 70000120201508030021.7z, katalog /tmp/rpt-58c1dae13d1bdeea... Katalog stworzony... Plik rozpakowany...
   ID: 12 Data: 20150803 Kwota: 59.00 Opis: ZAPATA ZA FAKTUR 57 [70000120201508030021.rpt]
   ID: 14 Data: 20150803 Kwota: 59.00 Opis: PATRYK CELUCH PROSTA 53 41-253 CZELAD 58 [70000120201508030021.rpt]

Razem zaksiegowano 118.00zl z pliku 70000120201508030021.rpt.  Usunieto katalog tymczasowy /tmp/rpt-58c1dae13d1bdeea...

Dodaje 9 wpisow SQL do bazy
Zapisuje informacje o przetworzonych plikach...
