Wczytuje liste przetworzonych wyciagow... 24 wczytano
Sprawdzam liste plikow w folderze... 30 plikow
Sprawdzam, ktore pliki nie zostaly przetworzone... 6 plikow

Przetwarzanie pliku 70000120201509070032.7z, katalog /tmp/rpt-efda1f3a9e245604... Katalog stworzony... Plik rozpakowany...
   ID: 15 Data: 20150907 Kwota: 100.00 Opis: ABONAMENT 87 [70000120201509070032.rpt]

Razem zaksiegowano 100.00zl z pliku 70000120201509070032.rpt.  Usunieto katalog tymczasowy /tmp/rpt-efda1f3a9e245604...

Przetwarzanie pliku 70000120201509040031.7z, katalog /tmp/rpt-afbba75aeef5c322... Katalog stworzony... Plik rozpakowany...
   ID: 6 Data: 20150904 Kwota: 49.00 Opis: 47\LMS\2015Wpata w UP nr:005463150902AC#00116 85 [70000120201509040031.rpt]

Razem zaksiegowano 49.00zl z pliku 70000120201509040031.rpt.  Usunieto katalog tymczasowy /tmp/rpt-afbba75aeef5c322...

Przetwarzanie pliku 70000120201509090033.7z, katalog /tmp/rpt-1953cb7077c45b2f... Katalog stworzony... Plik rozpakowany...
   ID: 7 Data: 20150909 Kwota: 49.00 Opis: 30/LMS/2015 RAFA SOBIERAJSKI 89 [70000120201509090033.rpt]

Razem zaksiegowano 49.00zl z pliku 70000120201509090033.rpt.  Usunieto katalog tymczasowy /tmp/rpt-1953cb7077c45b2f...

Przetwarzanie pliku 70000120201509110034.7z, katalog /tmp/rpt-dce7a0d19929b1a8... Katalog stworzony... Plik rozpakowany...
   ID: 13 Data: 20150911 Kwota: 49.00 Opis: Abonament - ID: 13 0013wrzesien 91 [70000120201509110034.rpt]

Razem zaksiegowano 49.00zl z pliku 70000120201509110034.rpt.  Usunieto katalog tymczasowy /tmp/rpt-dce7a0d19929b1a8...

Przetwarzanie pliku 70000120201508310029.7z, katalog /tmp/rpt-82c3706736961ec3... Katalog stworzony... Plik rozpakowany...
   ID: 8 Data: 20150831 Kwota: 180.00 Opis: FV  81 [70000120201508310029.rpt]

Razem zaksiegowano 180.00zl z pliku 70000120201508310029.rpt.  Usunieto katalog tymczasowy /tmp/rpt-82c3706736961ec3...

Przetwarzanie pliku 70000120201509040030.7z, katalog /tmp/rpt-e15ab78f68d7a9bb... Katalog stworzony... Plik rozpakowany...
   ID: 16 Data: 20150904 Kwota: 49.00 Opis: OPATA ZA INTERNET PIOTR WGIEREK40-161 KATOWICE  AL. KORFANTEGO57/10 FAKTURA 57 /LMS/2015 83 [70000120201509040030.rpt]

Razem zaksiegowano 49.00zl z pliku 70000120201509040030.rpt.  Usunieto katalog tymczasowy /tmp/rpt-e15ab78f68d7a9bb...

Dodaje 6 wpisow SQL do bazy
Zapisuje informacje o przetworzonych plikach...
